TN:
SF:src\app.ts
FN:21,(anonymous_1)
FN:28,(anonymous_2)
FNF:2
FNH:0
FNDA:0,(anonymous_1)
FNDA:0,(anonymous_2)
DA:1,3
DA:2,3
DA:3,3
DA:4,3
DA:5,3
DA:6,3
DA:8,3
DA:10,3
DA:11,3
DA:13,3
DA:15,3
DA:17,3
DA:19,3
DA:21,3
DA:22,0
DA:25,3
DA:27,3
DA:28,0
DA:29,0
DA:33,3
LF:20
LH:17
BRDA:27,0,0,0
BRDA:27,0,1,3
BRF:2
BRH:1
end_of_record
TN:
SF:src\config\prisma.ts
FNF:0
FNH:0
DA:1,3
DA:3,3
LF:2
LH:2
BRF:0
BRH:0
end_of_record
TN:
SF:src\controllers\auth.controllers.ts
FN:8,(anonymous_1)
FN:49,(anonymous_2)
FNF:2
FNH:2
FNDA:1,(anonymous_1)
FNDA:1,(anonymous_2)
DA:2,3
DA:3,3
DA:4,3
DA:6,3
DA:8,3
DA:9,1
DA:10,1
DA:13,1
DA:17,1
DA:18,0
DA:22,1
DA:25,0
DA:35,0
DA:45,1
DA:49,3
DA:50,1
DA:52,1
DA:56,1
DA:57,1
DA:60,0
DA:62,0
DA:63,0
DA:66,0
DA:72,0
LF:24
LH:16
BRDA:17,0,0,0
BRDA:17,0,1,1
BRDA:56,1,0,1
BRDA:56,1,1,0
BRDA:62,2,0,0
BRDA:62,2,1,0
BRF:6
BRH:2
end_of_record
TN:
SF:src\controllers\palabra.controller.ts
FN:4,(anonymous_1)
FNF:1
FNH:0
FNDA:0,(anonymous_1)
DA:2,3
DA:4,3
DA:8,0
DA:11,0
DA:17,0
DA:20,0
DA:22,0
LF:7
LH:2
BRF:0
BRH:0
end_of_record
TN:
SF:src\controllers\partida.controller.ts
FN:4,(anonymous_0)
FNF:1
FNH:0
FNDA:0,(anonymous_0)
DA:2,3
DA:4,3
DA:5,0
DA:6,0
DA:8,0
DA:18,0
DA:21,0
LF:7
LH:2
BRF:0
BRH:0
end_of_record
TN:
SF:src\controllers\resultado.controller.ts
FN:4,(anonymous_0)
FN:53,(anonymous_1)
FNF:2
FNH:1
FNDA:0,(anonymous_0)
FNDA:1,(anonymous_1)
DA:2,3
DA:4,3
DA:8,0
DA:16,0
DA:18,0
DA:28,0
DA:37,0
DA:44,0
DA:46,0
DA:53,3
DA:57,1
DA:59,1
DA:73,1
DA:77,0
DA:79,0
LF:15
LH:6
BRF:0
BRH:0
end_of_record
TN:
SF:src\middlewares\auth.middleware.ts
FN:6,(anonymous_9)
FNF:1
FNH:0
FNDA:0,(anonymous_9)
DA:2,3
DA:4,3
DA:6,3
DA:7,0
DA:9,0
DA:10,0
DA:13,0
DA:14,0
DA:15,0
DA:16,0
DA:18,0
LF:11
LH:3
BRDA:9,0,0,0
BRDA:9,0,1,0
BRF:2
BRH:0
end_of_record
TN:
SF:src\routes\auth.routes.ts
FN:10,(anonymous_0)
FNF:1
FNH:0
FNDA:0,(anonymous_0)
DA:1,3
DA:2,3
DA:3,3
DA:5,3
DA:7,3
DA:8,3
DA:10,3
DA:11,0
DA:14,3
LF:9
LH:8
BRF:0
BRH:0
end_of_record
TN:
SF:src\routes\palabra.routes.ts
FNF:0
FNH:0
DA:1,3
DA:2,3
DA:4,3
DA:6,3
DA:8,3
LF:5
LH:5
BRF:0
BRH:0
end_of_record
TN:
SF:src\routes\partida.routes.ts
FNF:0
FNH:0
DA:1,3
DA:2,3
DA:3,3
DA:5,3
DA:7,3
DA:9,3
LF:6
LH:6
BRF:0
BRH:0
end_of_record
TN:
SF:src\routes\resultado.routes.ts
FNF:0
FNH:0
DA:1,3
DA:2,3
DA:4,3
DA:6,3
DA:7,3
DA:9,3
LF:6
LH:6
BRF:0
BRH:0
end_of_record
